\BOOKMARK [0][]{chapter.1}{\376\377\0001\000\040\230\171\166\356\200\314\146\157\124\214\151\202\217\360}{}% 1
\BOOKMARK [1][]{section.1.1}{\376\377\0001\000.\0001\000\040\215\133\230\230\200\314\146\157}{chapter.1}% 2
\BOOKMARK [1][]{section.1.2}{\376\377\0001\000.\0002\000\040\167\345\213\306\200\314\146\157}{chapter.1}% 3
\BOOKMARK [0][]{chapter.2}{\376\377\0002\000\040\230\171\166\356\213\276\213\241\140\035\215\357\116\016\145\271\150\110}{}% 4
\BOOKMARK [1][]{section.2.1}{\376\377\0002\000.\0001\000\040\230\171\166\356\166\356\150\007\213\276\213\241\140\035\215\357}{chapter.2}% 5
\BOOKMARK [1][]{section.2.2}{\376\377\0002\000.\0002\000\040\122\115\172\357\220\350\122\006\213\276\213\241\145\271\150\110}{chapter.2}% 6
\BOOKMARK [1][]{section.2.3}{\376\377\0002\000.\0003\000\040\227\166\127\072\127\372\170\100\213\276\145\275\213\276\213\241\145\271\150\110}{chapter.2}% 7
\BOOKMARK [1][]{section.2.4}{\376\377\0002\000.\0004\000\040\145\073\121\373\152\041\127\127\213\276\213\241\145\271\150\110}{chapter.2}% 8
\BOOKMARK [2][]{subsection.2.4.1}{\376\377\0002\000.\0004\000.\0001\000\040\121\163\225\056\127\072\146\157\145\073\121\373\224\376\147\204\136\372}{section.2.4}% 9
\BOOKMARK [2][]{subsection.2.4.2}{\376\377\0002\000.\0004\000.\0002\000\040\116\272\135\345\217\205\122\251\157\017\155\036\122\051\165\050\116\016\000E\000X\000P\147\204\136\372\155\101\172\013}{section.2.4}% 10
\BOOKMARK [2][]{subsection.2.4.3}{\376\377\0002\000.\0004\000.\0003\000\040\145\073\121\373\000A\000g\000e\000n\000t\166\204\201\352\122\250\123\026\142\147\210\114\147\072\122\066}{section.2.4}% 11
\BOOKMARK [2][]{subsection.2.4.4}{\376\377\0002\000.\0004\000.\0004\000\040\145\073\121\373\210\114\116\072\201\352\122\250\123\026\213\304\117\060\116\016\176\323\147\234\176\337\213\241}{section.2.4}% 12
\BOOKMARK [1][]{section.2.5}{\376\377\0002\000.\0005\000\040\226\062\137\241\152\041\127\127\213\276\213\241\145\271\150\110}{chapter.2}% 13
\BOOKMARK [1][]{section.2.6}{\376\377\0002\000.\0006\000\040\213\304\116\367\152\041\127\127\213\276\213\241\145\271\150\110}{chapter.2}% 14
\BOOKMARK [1][]{section.2.7}{\376\377\0002\000.\0007\000\040\152\041\127\127\123\117\124\014\213\276\213\241}{chapter.2}% 15
\BOOKMARK [0][]{chapter.3}{\376\377\0003\000\040\145\271\150\110\133\236\163\260}{}% 16
\BOOKMARK [1][]{section.3.1}{\376\377\0003\000.\0001\000\040\145\271\150\110\166\356\150\007}{chapter.3}% 17
\BOOKMARK [1][]{section.3.2}{\376\377\0003\000.\0002\000\040\227\166\127\072\163\257\130\203\147\204\136\372}{chapter.3}% 18
\BOOKMARK [2][]{subsection.3.2.1}{\376\377\0003\000.\0002\000.\0001\000\040\206\132\142\337\147\072\147\204\136\372\177\121\176\334\142\323\142\121}{section.3.2}% 19
\BOOKMARK [2][]{subsection.3.2.2}{\376\377\0003\000.\0002\000.\0002\000\040\133\271\126\150\220\350\177\162\136\224\165\050\147\015\122\241}{section.3.2}% 20
\BOOKMARK [1][]{section.3.3}{\376\377\0003\000.\0003\000\040\135\345\121\167\116\016\136\163\123\360}{chapter.3}% 21
\BOOKMARK [2][]{subsection.3.3.1}{\376\377\0003\000.\0003\000.\0001\000\040\117\341\140\157\173\241\164\006\135\345\121\167}{section.3.3}% 22
\BOOKMARK [2][]{subsection.3.3.2}{\376\377\0003\000.\0003\000.\0002\000\040\116\000\225\056\142\123\123\005\147\204\136\372\136\163\123\360}{section.3.3}% 23
\BOOKMARK [1][]{section.3.4}{\376\377\0003\000.\0004\000\040\220\350\177\162\116\016\215\104\156\220}{chapter.3}% 24
\BOOKMARK [2][]{subsection.3.4.1}{\376\377\0003\000.\0004\000.\0001\000\040\163\260\147\011\220\350\177\162\164\366\230\210}{section.3.4}% 25
\BOOKMARK [2][]{subsection.3.4.2}{\376\377\0003\000.\0004\000.\0002\000\040\147\015\122\241\126\150\215\104\156\220\211\304\122\022}{section.3.4}% 26
\BOOKMARK [1][]{section.3.5}{\376\377\0003\000.\0005\000\040\122\250\140\001\127\072\146\157\165\037\142\020\116\016\145\073\121\373\152\041\142\337}{chapter.3}% 27
\BOOKMARK [2][]{subsection.3.5.1}{\376\377\0003\000.\0005\000.\0001\000\040\122\250\140\001\127\072\146\157\165\037\142\020}{section.3.5}% 28
\BOOKMARK [2][]{subsection.3.5.2}{\376\377\0003\000.\0005\000.\0002\000\040\145\073\121\373\152\041\142\337\133\236\163\260}{section.3.5}% 29
\BOOKMARK [1][]{section.3.6}{\376\377\0003\000.\0006\000\040\145\073\121\373\213\304\117\060\116\016\156\257\156\220}{chapter.3}% 30
\BOOKMARK [2][]{subsection.3.6.1}{\376\377\0003\000.\0006\000.\0001\000\040\145\073\121\373\213\304\117\060\133\236\163\260}{section.3.6}% 31
\BOOKMARK [2][]{subsection.3.6.2}{\376\377\0003\000.\0006\000.\0002\000\040\156\257\156\220\122\237\200\375\213\276\213\241}{section.3.6}% 32
\BOOKMARK [0][]{chapter.4}{\376\377\0004\000\040\122\033\145\260\116\016\162\171\202\162}{}% 33
\BOOKMARK [1][]{section.4.1}{\376\377\0004\000.\0001\000\040\145\073\226\062\157\024\176\303\174\373\176\337\137\000\123\321\230\171\166\356}{chapter.4}% 34
\BOOKMARK [1][]{section.4.2}{\376\377\0004\000.\0002\000\040\227\166\127\072\147\266\147\204\116\016\000\040\000A\000I\000\040\145\073\121\373\152\041\142\337\230\171\166\356}{chapter.4}% 35
\BOOKMARK [0][]{chapter.5}{\376\377\0005\000\040\230\171\166\356\140\073\176\323\124\214\134\125\147\033}{}% 36
\BOOKMARK [0][]{chapter.6}{\376\377\0006\000\040\154\350\141\017\116\213\230\171\124\214\220\350\177\162\213\364\146\016}{}% 37
